#
# A fatal error has been detected by the Java Runtime Environment:
#
#  EXCEPTION_ACCESS_VIOLATION (0xc0000005) at pc=0x0000000053c18855, pid=4584, tid=4480
#
# JRE version: Java(TM) SE Runtime Environment (8.0_65-b17) (build 1.8.0_65-b17)
# Java VM: Java HotSpot(TM) 64-Bit Server VM (25.65-b01 mixed mode windows-amd64 compressed oops)
# Problematic frame:
# V  [jvm.dll+0x128855]
#
# Failed to write core dump. Minidumps are not enabled by default on client versions of Windows
#
# If you would like to submit a bug report, please visit:
#   http://bugreport.java.com/bugreport/crash.jsp
#

---------------  T H R E A D  ---------------

Current thread (0x0000000019546000):  JavaThread "JDWP Transport Listener: dt_socket" daemon [_thread_in_vm, id=4480, stack(0x0000000019b10000,0x0000000019c10000)]

siginfo: ExceptionCode=0xc0000005, reading address 0x000072657073006e

Registers:
RAX=0x0000000019c0f301, RBX=0x0000000019546000, RCX=0x000072657073006e, RDX=0x0000000000000000
RSP=0x0000000019c0f370, RBP=0x000072657073006e, RSI=0x0000000019c0f488, RDI=0x000000000220c170
R8 =0x0000000019546000, R9 =0x0000000000008000, R10=0x0000000000000000, R11=0x000000001b84c127
R12=0x0000000000000000, R13=0x00000000195438a8, R14=0x0000000000000000, R15=0x0000000000000000
RIP=0x0000000053c18855, EFLAGS=0x0000000000010202

Top of Stack: (sp=0x0000000019c0f370)
0x0000000019c0f370:   0000000019546000 0000000019546000
0x0000000019c0f380:   0000000019c0f438 0000000053e1e19b
0x0000000019c0f390:   0000000019546000 0000000053e3a9fd
0x0000000019c0f3a0:   0000000000000000 0000000053569155
0x0000000019c0f3b0:   0000000019740d78 000000005357291e
0x0000000019c0f3c0:   0000000019546000 0000000000000000
0x0000000019c0f3d0:   0000000000000000 0000000000000000
0x0000000019c0f3e0:   000072657073006e 0000000053571a15
0x0000000019c0f3f0:   0000000019c0f488 0000000019c0f460
0x0000000019c0f400:   0000000000000001 0000000019740d78
0x0000000019c0f410:   000072657073006e 00000000535553b3
0x0000000019c0f420:   0000000019c0f550 0000000000000001
0x0000000019c0f430:   0000000000000001 0000000019740d78
0x0000000019c0f440:   0000000000000008 0000000000000000
0x0000000019c0f450:   0000000000000000 0000000000000000
0x0000000019c0f460:   0000000000000001 0000000053555571 

Instructions: (pc=0x0000000053c18855)
0x0000000053c18835:   cc cc cc cc cc cc cc cc cc cc cc 48 83 ec 28 48
0x0000000053c18845:   85 c9 75 07 33 c0 48 83 c4 28 c3 48 89 5c 24 20
0x0000000053c18855:   48 8b 19 48 85 db 74 20 48 83 fb 37 74 1a 48 8b
0x0000000053c18865:   13 48 8b cb ff 52 10 84 c0 74 0d 48 8b c3 48 8b 


Register to memory mapping:

RAX=0x0000000019c0f301 is pointing into the stack for thread: 0x0000000019546000
RBX=0x0000000019546000 is a thread
RCX=0x000072657073006e is an unknown value
RDX=0x0000000000000000 is an unknown value
RSP=0x0000000019c0f370 is pointing into the stack for thread: 0x0000000019546000
RBP=0x000072657073006e is an unknown value
RSI=0x0000000019c0f488 is pointing into the stack for thread: 0x0000000019546000
RDI=0x000000000220c170 is an unknown value
R8 =0x0000000019546000 is a thread
R9 =0x0000000000008000 is an unknown value
R10=0x0000000000000000 is an unknown value
R11=0x000000001b84c127 is an unknown value
R12=0x0000000000000000 is an unknown value
R13=0x00000000195438a8 is an unknown value
R14=0x0000000000000000 is an unknown value
R15=0x0000000000000000 is an unknown value


Stack: [0x0000000019b10000,0x0000000019c10000],  sp=0x0000000019c0f370,  free space=1020k
Native frames: (J=compiled Java code, j=interpreted, Vv=VM code, C=native code)
V  [jvm.dll+0x128855]
V  [jvm.dll+0x34a9fd]
C  [jdwp.dll+0x21a15]
C  [jdwp.dll+0x53b3]
C  [jdwp.dll+0x5571]
C  [jdwp.dll+0xf0a8]
C  [jdwp.dll+0x1f2d5]
C  [jdwp.dll+0x1f4aa]
V  [jvm.dll+0x1bb8f8]
V  [jvm.dll+0x243144]
V  [jvm.dll+0x299f7a]
C  [msvcr100.dll+0x21d9f]
C  [msvcr100.dll+0x21e3b]
C  [KERNEL32.DLL+0x13d2]
C  [ntdll.dll+0x154e4]


---------------  P R O C E S S  ---------------

Java Threads: ( => current thread )
  0x000000001b81b800 JavaThread "Java2D Disposer" daemon [_thread_blocked, id=3492, stack(0x000000001da50000,0x000000001db50000)]
  0x000000001961a800 JavaThread "Service Thread" daemon [_thread_blocked, id=572, stack(0x000000001a210000,0x000000001a310000)]
  0x000000001957d000 JavaThread "C1 CompilerThread3" daemon [_thread_blocked, id=5884, stack(0x000000001a110000,0x000000001a210000)]
  0x0000000019574000 JavaThread "C2 CompilerThread2" daemon [_thread_blocked, id=6444, stack(0x000000001a010000,0x000000001a110000)]
  0x000000001956b000 JavaThread "C2 CompilerThread1" daemon [_thread_blocked, id=584, stack(0x0000000019f10000,0x000000001a010000)]
  0x000000001956f800 JavaThread "C2 CompilerThread0" daemon [_thread_blocked, id=6108, stack(0x0000000019e10000,0x0000000019f10000)]
  0x0000000019554800 JavaThread "JDWP Command Reader" daemon [_thread_in_native, id=3924, stack(0x0000000019d10000,0x0000000019e10000)]
  0x0000000019551000 JavaThread "JDWP Event Helper Thread" daemon [_thread_blocked, id=2716, stack(0x0000000019c10000,0x0000000019d10000)]
=>0x0000000019546000 JavaThread "JDWP Transport Listener: dt_socket" daemon [_thread_in_vm, id=4480, stack(0x0000000019b10000,0x0000000019c10000)]
  0x000000001953b800 JavaThread "Attach Listener" daemon [_thread_blocked, id=6816, stack(0x0000000019a10000,0x0000000019b10000)]
  0x000000001953a000 JavaThread "Signal Dispatcher" daemon [_thread_blocked, id=2708, stack(0x0000000019910000,0x0000000019a10000)]
  0x000000000244c800 JavaThread "Finalizer" daemon [_thread_blocked, id=4768, stack(0x0000000019320000,0x0000000019420000)]
  0x0000000002445800 JavaThread "Reference Handler" daemon [_thread_blocked, id=4672, stack(0x0000000019220000,0x0000000019320000)]
  0x0000000002354000 JavaThread "main" [_thread_blocked, id=3344, stack(0x0000000002250000,0x0000000002350000)]

Other Threads:
  0x0000000017439800 VMThread [stack: 0x0000000019120000,0x0000000019220000] [id=7160]
  0x000000001961e000 WatcherThread [stack: 0x000000001a310000,0x000000001a410000] [id=212]

VM state:not at safepoint (normal execution)

VM Mutex/Monitor currently owned by a thread: None

Heap:
 PSYoungGen      total 38400K, used 30376K [0x00000000d5d00000, 0x00000000d8780000, 0x0000000100000000)
  eden space 33280K, 75% used [0x00000000d5d00000,0x00000000d75b1610,0x00000000d7d80000)
  from space 5120K, 99% used [0x00000000d8280000,0x00000000d8778dd0,0x00000000d8780000)
  to   space 5120K, 0% used [0x00000000d7d80000,0x00000000d7d80000,0x00000000d8280000)
 ParOldGen       total 87552K, used 4526K [0x0000000081600000, 0x0000000086b80000, 0x00000000d5d00000)
  object space 87552K, 5% used [0x0000000081600000,0x0000000081a6b910,0x0000000086b80000)
 Metaspace       used 20674K, capacity 20802K, committed 21120K, reserved 1069056K
  class space    used 2284K, capacity 2342K, committed 2432K, reserved 1048576K

Card table byte_map: [0x0000000011820000,0x0000000011c20000] byte_map_base: 0x0000000011415000

Marking Bits: (ParMarkBitMap*) 0x00000000542fa5b0
 Begin Bits: [0x00000000126d0000, 0x0000000014678000)
 End Bits:   [0x0000000014678000, 0x0000000016620000)

Polling page: 0x0000000000a60000

CodeCache: size=245760Kb used=5072Kb max_used=5072Kb free=240687Kb
 bounds [0x0000000002460000, 0x0000000002960000, 0x0000000011460000]
 total_blobs=1489 nmethods=989 adapters=421
 compilation: enabled

Compilation events (10 events):
Event: 506.873 Thread 0x000000001957d000  984       3       java.util.zip.ZipFile$ZipFileInputStream::finalize (5 bytes)
Event: 506.873 Thread 0x000000001957d000 nmethod 984 0x0000000002948750 code [0x00000000029488c0, 0x0000000002948a48]
Event: 506.873 Thread 0x000000001957d000  986       3       java.util.zip.ZipFile$ZipFileInflaterInputStream::finalize (5 bytes)
Event: 506.873 Thread 0x000000001957d000 nmethod 986 0x0000000002948ad0 code [0x0000000002948c40, 0x0000000002948dc8]
Event: 506.877 Thread 0x000000001957d000  988       3       java.lang.Object::equals (11 bytes)
Event: 506.877 Thread 0x000000001957d000 nmethod 988 0x0000000002948e50 code [0x0000000002948fa0, 0x0000000002949150]
Event: 506.877 Thread 0x000000001957d000  989       1       java.lang.ref.Reference::clear (6 bytes)
Event: 506.877 Thread 0x000000001957d000 nmethod 989 0x00000000029491d0 code [0x0000000002949320, 0x0000000002949450]
Event: 506.877 Thread 0x000000001957d000  987  s!   3       sun.font.TrueTypeFont$TTDisposerRecord::dispose (40 bytes)
Event: 506.877 Thread 0x000000001957d000 nmethod 987 0x00000000029494d0 code [0x0000000002949640, 0x0000000002949ae8]

GC Heap History (4 events):
Event: 1.297 GC heap before
{Heap before GC invocations=1 (full 0):
 PSYoungGen      total 38400K, used 33280K [0x00000000d5d00000, 0x00000000d8780000, 0x0000000100000000)
  eden space 33280K, 100% used [0x00000000d5d00000,0x00000000d7d80000,0x00000000d7d80000)
  from space 5120K, 0% used [0x00000000d8280000,0x00000000d8280000,0x00000000d8780000)
  to   space 5120K, 0% used [0x00000000d7d80000,0x00000000d7d80000,0x00000000d8280000)
 ParOldGen       total 87552K, used 0K [0x0000000081600000, 0x0000000086b80000, 0x00000000d5d00000)
  object space 87552K, 0% used [0x0000000081600000,0x0000000081600000,0x0000000086b80000)
 Metaspace       used 8768K, capacity 8828K, committed 9088K, reserved 1056768K
  class space    used 1070K, capacity 1106K, committed 1152K, reserved 1048576K
Event: 1.304 GC heap after
Heap after GC invocations=1 (full 0):
 PSYoungGen      total 38400K, used 5112K [0x00000000d5d00000, 0x00000000d8780000, 0x0000000100000000)
  eden space 33280K, 0% used [0x00000000d5d00000,0x00000000d5d00000,0x00000000d7d80000)
  from space 5120K, 99% used [0x00000000d7d80000,0x00000000d827e1b0,0x00000000d8280000)
  to   space 5120K, 0% used [0x00000000d8280000,0x00000000d8280000,0x00000000d8780000)
 ParOldGen       total 87552K, used 1077K [0x0000000081600000, 0x0000000086b80000, 0x00000000d5d00000)
  object space 87552K, 1% used [0x0000000081600000,0x000000008170d688,0x0000000086b80000)
 Metaspace       used 8768K, capacity 8828K, committed 9088K, reserved 1056768K
  class space    used 1070K, capacity 1106K, committed 1152K, reserved 1048576K
}
Event: 506.866 GC heap before
{Heap before GC invocations=2 (full 0):
 PSYoungGen      total 38400K, used 38392K [0x00000000d5d00000, 0x00000000d8780000, 0x0000000100000000)
  eden space 33280K, 100% used [0x00000000d5d00000,0x00000000d7d80000,0x00000000d7d80000)
  from space 5120K, 99% used [0x00000000d7d80000,0x00000000d827e1b0,0x00000000d8280000)
  to   space 5120K, 0% used [0x00000000d8280000,0x00000000d8280000,0x00000000d8780000)
 ParOldGen       total 87552K, used 1077K [0x0000000081600000, 0x0000000086b80000, 0x00000000d5d00000)
  object space 87552K, 1% used [0x0000000081600000,0x000000008170d688,0x0000000086b80000)
 Metaspace       used 16676K, capacity 16804K, committed 17024K, reserved 1064960K
  class space    used 1833K, capacity 1888K, committed 1920K, reserved 1048576K
Event: 506.872 GC heap after
Heap after GC invocations=2 (full 0):
 PSYoungGen      total 38400K, used 5091K [0x00000000d5d00000, 0x00000000d8780000, 0x0000000100000000)
  eden space 33280K, 0% used [0x00000000d5d00000,0x00000000d5d00000,0x00000000d7d80000)
  from space 5120K, 99% used [0x00000000d8280000,0x00000000d8778dd0,0x00000000d8780000)
  to   space 5120K, 0% used [0x00000000d7d80000,0x00000000d7d80000,0x00000000d8280000)
 ParOldGen       total 87552K, used 4526K [0x0000000081600000, 0x0000000086b80000, 0x00000000d5d00000)
  object space 87552K, 5% used [0x0000000081600000,0x0000000081a6b910,0x0000000086b80000)
 Metaspace       used 16676K, capacity 16804K, committed 17024K, reserved 1064960K
  class space    used 1833K, capacity 1888K, committed 1920K, reserved 1048576K
}

Deoptimization events (10 events):
Event: 1.142 Thread 0x0000000002354000 Uncommon trap: reason=unstable_if action=reinterpret pc=0x00000000026ee02c method=com.sun.org.apache.xerces.internal.impl.XMLEntityScanner.skipSpaces()Z @ 75
Event: 1.228 Thread 0x0000000002354000 Uncommon trap: reason=class_check action=maybe_recompile pc=0x000000000270fb04 method=com.sun.org.apache.xerces.internal.impl.XMLDocumentScannerImpl.next()I @ 4
Event: 1.228 Thread 0x0000000002354000 Uncommon trap: reason=class_check action=maybe_recompile pc=0x000000000270fb04 method=com.sun.org.apache.xerces.internal.impl.XMLDocumentScannerImpl.next()I @ 4
Event: 1.229 Thread 0x0000000002354000 Uncommon trap: reason=unstable_if action=reinterpret pc=0x000000000277e880 method=com.sun.org.apache.xerces.internal.util.XMLAttributesImpl.getPrefix(I)Ljava/lang/String; @ 28
Event: 1.229 Thread 0x0000000002354000 Uncommon trap: reason=unstable_if action=reinterpret pc=0x0000000002700c20 method=com.sun.org.apache.xerces.internal.impl.XMLEntityScanner.scanContent(Lcom/sun/org/apache/xerces/internal/xni/XMLString;)I @ 118
Event: 1.229 Thread 0x0000000002354000 Uncommon trap: reason=unstable_if action=reinterpret pc=0x0000000002759eb4 method=com.sun.org.apache.xerces.internal.util.NamespaceSupport.getURI(Ljava/lang/String;)Ljava/lang/String; @ 6
Event: 1.262 Thread 0x0000000002354000 Uncommon trap: reason=class_check action=maybe_recompile pc=0x000000000270fb04 method=com.sun.org.apache.xerces.internal.impl.XMLDocumentScannerImpl.next()I @ 4
Event: 1.292 Thread 0x0000000002354000 Uncommon trap: reason=unstable_if action=reinterpret pc=0x0000000002812e20 method=com.sun.org.apache.xerces.internal.impl.XMLDocumentFragmentScannerImpl$FragmentContentDriver.next()I @ 1388
Event: 1.344 Thread 0x0000000002354000 Uncommon trap: reason=unstable_if action=reinterpret pc=0x000000000269ba70 method=java.util.HashMap.hash(Ljava/lang/Object;)I @ 1
Event: 1.676 Thread 0x0000000002354000 Uncommon trap: reason=unstable_if action=reinterpret pc=0x000000000288ac80 method=java.lang.String.lastIndexOf([CII[CIII)I @ 66

Internal exceptions (10 events):
Event: 0.492 Thread 0x0000000002354000 Exception <a 'java/security/PrivilegedActionException'> (0x00000000d629c428) thrown at [C:\workspace\8-2-build-windows-amd64-cygwin\jdk8u65\4987\hotspot\src\share\vm\prims\jvm.cpp, line 1386]
Event: 0.493 Thread 0x0000000002354000 Exception <a 'java/security/PrivilegedActionException'> (0x00000000d62a3e50) thrown at [C:\workspace\8-2-build-windows-amd64-cygwin\jdk8u65\4987\hotspot\src\share\vm\prims\jvm.cpp, line 1386]
Event: 0.493 Thread 0x0000000002354000 Exception <a 'java/security/PrivilegedActionException'> (0x00000000d62a4060) thrown at [C:\workspace\8-2-build-windows-amd64-cygwin\jdk8u65\4987\hotspot\src\share\vm\prims\jvm.cpp, line 1386]
Event: 0.512 Thread 0x0000000002354000 Exception <a 'java/lang/NoClassDefFoundError': org/apache/log4j/Category> (0x00000000d6304800) thrown at [C:\workspace\8-2-build-windows-amd64-cygwin\jdk8u65\4987\hotspot\src\share\vm\classfile\systemDictionary.cpp, line 199]
Event: 1.344 Thread 0x0000000002354000 Implicit null exception at 0x000000000269b7d4 to 0x000000000269ba59
Event: 1.654 Thread 0x0000000002354000 Exception <a 'java/lang/ArrayIndexOutOfBoundsException': 8746> (0x00000000d70a85f0) thrown at [C:\workspace\8-2-build-windows-amd64-cygwin\jdk8u65\4987\hotspot\src\share\vm\interpreter\interpreterRuntime.cpp, line 366]
Event: 505.987 Thread 0x0000000002354000 Exception <a 'java/io/FileNotFoundException'> (0x00000000d7826260) thrown at [C:\workspace\8-2-build-windows-amd64-cygwin\jdk8u65\4987\hotspot\src\share\vm\prims\jni.cpp, line 709]
Event: 506.061 Thread 0x0000000002354000 Exception <a 'java/lang/NoSuchFieldError': method resolution failed> (0x00000000d78f2c38) thrown at [C:\workspace\8-2-build-windows-amd64-cygwin\jdk8u65\4987\hotspot\src\share\vm\prims\methodHandles.cpp, line 1146]
Event: 506.066 Thread 0x0000000002354000 Exception <a 'java/lang/NoSuchFieldError': method resolution failed> (0x00000000d79002f8) thrown at [C:\workspace\8-2-build-windows-amd64-cygwin\jdk8u65\4987\hotspot\src\share\vm\prims\methodHandles.cpp, line 1146]
Event: 506.137 Thread 0x0000000002354000 Exception <a 'java/io/FileNotFoundException'> (0x00000000d79b5288) thrown at [C:\workspace\8-2-build-windows-amd64-cygwin\jdk8u65\4987\hotspot\src\share\vm\prims\jni.cpp, line 709]

Events (10 events):
Event: 3957.137 Executing VM operation: ForceSafepoint
Event: 3957.137 Executing VM operation: ForceSafepoint done
Event: 3957.139 Executing VM operation: ChangeSingleStep
Event: 3957.139 Executing VM operation: ChangeSingleStep done
Event: 3957.187 Executing VM operation: GetOrSetLocal
Event: 3957.187 Executing VM operation: GetOrSetLocal done
Event: 3983.968 Executing VM operation: ChangeBreakpoints
Event: 3983.968 Executing VM operation: ChangeBreakpoints done
Event: 3983.987 Executing VM operation: RedefineClasses
Event: 3983.998 Executing VM operation: RedefineClasses done


Dynamic libraries:
0x00007ff7fe3f0000 - 0x00007ff7fe427000 	C:\Program Files\Java\jdk1.8.0_65\bin\java.exe
0x00007fffacb80000 - 0x00007fffacd2d000 	C:\Windows\SYSTEM32\ntdll.dll
0x00007fffaa470000 - 0x00007fffaa5ae000 	C:\Windows\system32\KERNEL32.DLL
0x00007fffa9e50000 - 0x00007fffa9f65000 	C:\Windows\system32\KERNELBASE.dll
0x00007fffa8870000 - 0x00007fffa88fe000 	C:\Windows\system32\apphelp.dll
0x00007fff9c180000 - 0x00007fff9c1d3000 	C:\Windows\AppPatch\AppPatch64\AcGenral.DLL
0x00007fffaaaf0000 - 0x00007fffaab9a000 	C:\Windows\system32\msvcrt.dll
0x00007fffa9b70000 - 0x00007fffa9b9e000 	C:\Windows\SYSTEM32\SspiCli.dll
0x00007fffac870000 - 0x00007fffac8c4000 	C:\Windows\system32\SHLWAPI.dll
0x00007fffaaf10000 - 0x00007fffab087000 	C:\Windows\system32\USER32.dll
0x00007fffaa950000 - 0x00007fffaaae4000 	C:\Windows\system32\ole32.dll
0x00007fffab090000 - 0x00007fffac5ba000 	C:\Windows\system32\SHELL32.dll
0x00007fffa92f0000 - 0x00007fffa9311000 	C:\Windows\SYSTEM32\USERENV.dll
0x00007fffac8d0000 - 0x00007fffac97a000 	C:\Windows\system32\ADVAPI32.dll
0x00007fff9db90000 - 0x00007fff9dbae000 	C:\Windows\SYSTEM32\MPR.dll
0x00007fffaa800000 - 0x00007fffaa941000 	C:\Windows\system32\RPCRT4.dll
0x00007fffac980000 - 0x00007fffac9d9000 	C:\Windows\SYSTEM32\sechost.dll
0x00007fffaaba0000 - 0x00007fffaadb1000 	C:\Windows\SYSTEM32\combase.dll
0x00007fffaadc0000 - 0x00007fffaaf10000 	C:\Windows\system32\GDI32.dll
0x00007fffa9cd0000 - 0x00007fffa9ce5000 	C:\Windows\SYSTEM32\profapi.dll
0x00007fffa8090000 - 0x00007fffa8142000 	C:\Windows\SYSTEM32\SHCORE.dll
0x00007fffacb30000 - 0x00007fffacb66000 	C:\Windows\system32\IMM32.DLL
0x00007fffaa5b0000 - 0x00007fffaa702000 	C:\Windows\system32\MSCTF.dll
0x00007fffa7420000 - 0x00007fffa769b000 	C:\Windows\WinSxS\amd64_microsoft.windows.common-controls_6595b64144ccf1df_6.0.9600.18006_none_623f33d3ecbe86e8\COMCTL32.dll
0x0000000053640000 - 0x0000000053712000 	C:\Program Files\Java\jdk1.8.0_65\jre\bin\msvcr100.dll
0x0000000053af0000 - 0x0000000054379000 	C:\Program Files\Java\jdk1.8.0_65\jre\bin\server\jvm.dll
0x00007fffa2f60000 - 0x00007fffa2f69000 	C:\Windows\SYSTEM32\WSOCK32.dll
0x00007fffa1be0000 - 0x00007fffa1c02000 	C:\Windows\SYSTEM32\WINMM.dll
0x00007fffa7bb0000 - 0x00007fffa7bba000 	C:\Windows\SYSTEM32\VERSION.dll
0x00007fffaca50000 - 0x00007fffaca57000 	C:\Windows\system32\PSAPI.DLL
0x00007fffac5c0000 - 0x00007fffac61a000 	C:\Windows\system32\WS2_32.dll
0x00007fffa1bb0000 - 0x00007fffa1bda000 	C:\Windows\SYSTEM32\WINMMBASE.dll
0x00007fffaa7f0000 - 0x00007fffaa7f9000 	C:\Windows\system32\NSI.dll
0x00007fffa9f70000 - 0x00007fffa9fbf000 	C:\Windows\SYSTEM32\cfgmgr32.dll
0x00007fffa8ae0000 - 0x00007fffa8b08000 	C:\Windows\SYSTEM32\DEVOBJ.dll
0x0000000053ae0000 - 0x0000000053aef000 	C:\Program Files\Java\jdk1.8.0_65\jre\bin\verify.dll
0x0000000053ab0000 - 0x0000000053ad9000 	C:\Program Files\Java\jdk1.8.0_65\jre\bin\java.dll
0x0000000053550000 - 0x0000000053585000 	C:\Program Files\Java\jdk1.8.0_65\jre\bin\jdwp.dll
0x0000000053540000 - 0x0000000053548000 	C:\Program Files\Java\jdk1.8.0_65\jre\bin\npt.dll
0x0000000053a60000 - 0x0000000053a76000 	C:\Program Files\Java\jdk1.8.0_65\jre\bin\zip.dll
0x0000000053530000 - 0x0000000053539000 	C:\Program Files\Java\jdk1.8.0_65\jre\bin\dt_socket.dll
0x00007fffa95b0000 - 0x00007fffa9609000 	C:\Windows\system32\mswsock.dll
0x0000000053880000 - 0x0000000053a18000 	C:\Program Files\Java\jdk1.8.0_65\jre\bin\awt.dll
0x00007fffaca60000 - 0x00007fffacb21000 	C:\Windows\system32\OLEAUT32.dll
0x00007fffa7e20000 - 0x00007fffa7e41000 	C:\Windows\system32\DWMAPI.DLL
0x00007fffa8940000 - 0x00007fffa8a69000 	C:\Windows\system32\uxtheme.dll
0x0000000053830000 - 0x0000000053877000 	C:\Program Files\Java\jdk1.8.0_65\jre\bin\fontmanager.dll
0x0000000053a40000 - 0x0000000053a5a000 	C:\Program Files\Java\jdk1.8.0_65\jre\bin\net.dll
0x0000000053a20000 - 0x0000000053a31000 	C:\Program Files\Java\jdk1.8.0_65\jre\bin\nio.dll
0x00007fffa9610000 - 0x00007fffa9630000 	C:\Windows\SYSTEM32\CRYPTSP.dll
0x00007fffa91e0000 - 0x00007fffa9216000 	C:\Windows\system32\rsaenh.dll
0x00007fffa9860000 - 0x00007fffa9886000 	C:\Windows\SYSTEM32\bcrypt.dll
0x00007fffa9ba0000 - 0x00007fffa9c03000 	C:\Windows\system32\bcryptprimitives.dll
0x00007fffa9c10000 - 0x00007fffa9c1b000 	C:\Windows\SYSTEM32\CRYPTBASE.dll
0x00007fffa5570000 - 0x00007fffa559a000 	C:\Windows\SYSTEM32\IPHLPAPI.DLL
0x00007fffa5550000 - 0x00007fffa555a000 	C:\Windows\SYSTEM32\WINNSI.DLL
0x00007fffa48d0000 - 0x00007fffa48e6000 	C:\Windows\SYSTEM32\dhcpcsvc6.DLL
0x00007fffa4bf0000 - 0x00007fffa4c0a000 	C:\Windows\SYSTEM32\dhcpcsvc.DLL
0x00007fff95d50000 - 0x00007fff95ed9000 	C:\Windows\SYSTEM32\dbghelp.dll

VM Arguments:
jvm_args: -agentlib:jdwp=transport=dt_socket,address=127.0.0.1:50644,suspend=y,server=n -Dfile.encoding=UTF-8 
java_command: my.unlimit.jasper.SimpleReport
java_class_path (initial): C:\Program Files\Java\jdk1.8.0_65\jre\lib\charsets.jar;C:\Program Files\Java\jdk1.8.0_65\jre\lib\deploy.jar;C:\Program Files\Java\jdk1.8.0_65\jre\lib\ext\access-bridge-64.jar;C:\Program Files\Java\jdk1.8.0_65\jre\lib\ext\cldrdata.jar;C:\Program Files\Java\jdk1.8.0_65\jre\lib\ext\dnsns.jar;C:\Program Files\Java\jdk1.8.0_65\jre\lib\ext\jaccess.jar;C:\Program Files\Java\jdk1.8.0_65\jre\lib\ext\jfxrt.jar;C:\Program Files\Java\jdk1.8.0_65\jre\lib\ext\localedata.jar;C:\Program Files\Java\jdk1.8.0_65\jre\lib\ext\nashorn.jar;C:\Program Files\Java\jdk1.8.0_65\jre\lib\ext\sunec.jar;C:\Program Files\Java\jdk1.8.0_65\jre\lib\ext\sunjce_provider.jar;C:\Program Files\Java\jdk1.8.0_65\jre\lib\ext\sunmscapi.jar;C:\Program Files\Java\jdk1.8.0_65\jre\lib\ext\sunpkcs11.jar;C:\Program Files\Java\jdk1.8.0_65\jre\lib\ext\zipfs.jar;C:\Program Files\Java\jdk1.8.0_65\jre\lib\javaws.jar;C:\Program Files\Java\jdk1.8.0_65\jre\lib\jce.jar;C:\Program Files\Java\jdk1.8.0_65\jre\lib\jfr.jar;C:\Program Files\Java\jdk1.8.0_65\jre\lib\jfxswt.jar;C:\Program Files\Java\jdk1.8.0_65\jre\lib\jsse.jar;C:\Program Files\Java\jdk1.8.0_65\jre\lib\management-agent.jar;C:\Program Files\Java\jdk1.8.0_65\jre\lib\plugin.jar;C:\Program Files\Java\jdk1.8.0_65\jre\lib\resources.jar;C:\Program Files\Java\jdk1.8.0_65\jre\lib\rt.jar;C:\ALL\workspace-idea\SimpleApp\target\classes;C:\ALL\workspace-idea\SimpleApp\lib\javax.annotation.jar;C:\ALL\workspace-idea\SimpleApp\lib\javax.jms.jar;C:\ALL\workspace-idea\SimpleApp\lib\javax.transaction.jar;C:\ALL\workspace-idea\SimpleApp\lib\javax.ejb.jar;C:\ALL\workspace-idea\SimpleApp\lib\javax.resource.jar;C:\ALL\workspace-idea\SimpleApp\lib\javax.servlet.jsp.jar;C:\ALL\workspace-idea\SimpleApp\lib\javax.servlet.jsp.jstl.jar;C:\ALL\workspace-idea\SimpleApp\lib\javax.persistence.jar;C:\ALL\workspace-idea\SimpleApp\lib\javax.servlet.jar;C:\Users\vladimir\.m2\repository\net\sf\jasperreports\jasperreports\6.2.0\jasperreports-6.2.0.jar;C:\Users\vladimir\.m2\re
Launcher Type: SUN_STANDARD

Environment Variables:
JAVA_HOME=C:\Program Files\Java\jdk1.8.0_65
PATH=C:\ALL\Python27\;C:\ALL\Python27\Scripts;C:\ProgramData\Oracle\Java\javapath;C:\Windows\system32;C:\Windows;C:\Windows\System32\Wbem;C:\Windows\System32\WindowsPowerShell\v1.0\;C:\Program Files\TortoiseSVN\bin;C:\Program Files (x86)\NVIDIA Corporation\PhysX\Common;C:\Program Files (x86)\QuickTime\QTSystem\;C:\Program Files\TortoiseGit\bin;C:\Program Files\Git\cmd;C:\Program Files (x86)\Skype\Phone\;C:\Program Files\TortoiseHg\;C:\ALL\nodejs\;C:\ALL\Mercurial;C:\Users\vladimir\AppData\Roaming\npm
USERNAME=vladimir
OS=Windows_NT
PROCESSOR_IDENTIFIER=Intel64 Family 6 Model 58 Stepping 9, GenuineIntel



---------------  S Y S T E M  ---------------

OS: Windows 8.1 , 64 bit Build 9600 (6.3.9600.17415)

CPU:total 8 (4 cores per cpu, 2 threads per core) family 6 model 58 stepping 9, cmov, cx8, fxsr, mmx, sse, sse2, sse3, ssse3, sse4.1, sse4.2, popcnt, avx, aes, clmul, erms, ht, tsc, tscinvbit, tscinv

Memory: 4k page, physical 8293064k(4289316k free), swap 16681672k(11331720k free)

vm_info: Java HotSpot(TM) 64-Bit Server VM (25.65-b01) for windows-amd64 JRE (1.8.0_65-b17), built on Oct  6 2015 16:39:20 by "java_re" with MS VC++ 10.0 (VS2010)

time: Thu Mar 17 16:41:42 2016
elapsed time: 3984 seconds (0d 1h 6m 24s)

